2016-07-30 09:15:20 Notice: Notice (8): Undefined variable: cakeDescription in [/Volumes/Data/Wind/sources/duyanh/1.DSBlock/Source/src/Template/Admin/Layout/system_default.ctp, line 8]
Request URL: /admin/users/dashboard
Referer URL: http://dsblock.local/admin?admin=1
Client IP: 127.0.0.1
Trace:
Cake\Error\BaseErrorHandler::handleError() - CORE/src/Error/BaseErrorHandler.php, line 146
include - APP/Template/Admin/Layout/system_default.ctp, line 8
Cake\View\View::_evaluate() - CORE/src/View/View.php, line 995
Cake\View\View::_render() - CORE/src/View/View.php, line 955
Cake\View\View::renderLayout() - CORE/src/View/View.php, line 633
Cake\View\View::render() - CORE/src/View/View.php, line 592
Cake\Controller\Controller::render() - CORE/src/Controller/Controller.php, line 611
Cake\Routing\Dispatcher::_invoke() - CORE/src/Routing/Dispatcher.php, line 120
Cake\Routing\Dispatcher::dispatch() - CORE/src/Routing/Dispatcher.php, line 87
[main] - ROOT/webroot/index.php, line 37



2016-07-30 09:25:51 Notice: Notice (8): Undefined variable: cakeDescription in [/Volumes/Data/Wind/sources/duyanh/1.DSBlock/Source/src/Template/Admin/Layout/system_default.ctp, line 8]
Request URL: /admin/users/dashboard
Referer URL: http://dsblock.local/admin?admin=1
Client IP: 127.0.0.1
Trace:
Cake\Error\BaseErrorHandler::handleError() - CORE/src/Error/BaseErrorHandler.php, line 146
include - APP/Template/Admin/Layout/system_default.ctp, line 8
Cake\View\View::_evaluate() - CORE/src/View/View.php, line 995
Cake\View\View::_render() - CORE/src/View/View.php, line 955
Cake\View\View::renderLayout() - CORE/src/View/View.php, line 633
Cake\View\View::render() - CORE/src/View/View.php, line 592
Cake\Controller\Controller::render() - CORE/src/Controller/Controller.php, line 611
Cake\Routing\Dispatcher::_invoke() - CORE/src/Routing/Dispatcher.php, line 120
Cake\Routing\Dispatcher::dispatch() - CORE/src/Routing/Dispatcher.php, line 87
[main] - ROOT/webroot/index.php, line 37



2016-07-30 09:32:48 Notice: Notice (8): Undefined variable: cakeDescription in [/Volumes/Data/Wind/sources/duyanh/1.DSBlock/Source/src/Template/Admin/Layout/system_default.ctp, line 8]
Request URL: /admin/users/dashboard
Referer URL: http://dsblock.local/admin?admin=1
Client IP: 127.0.0.1
Trace:
Cake\Error\BaseErrorHandler::handleError() - CORE/src/Error/BaseErrorHandler.php, line 146
include - APP/Template/Admin/Layout/system_default.ctp, line 8
Cake\View\View::_evaluate() - CORE/src/View/View.php, line 995
Cake\View\View::_render() - CORE/src/View/View.php, line 955
Cake\View\View::renderLayout() - CORE/src/View/View.php, line 633
Cake\View\View::render() - CORE/src/View/View.php, line 592
Cake\Controller\Controller::render() - CORE/src/Controller/Controller.php, line 611
Cake\Routing\Dispatcher::_invoke() - CORE/src/Routing/Dispatcher.php, line 120
Cake\Routing\Dispatcher::dispatch() - CORE/src/Routing/Dispatcher.php, line 87
[main] - ROOT/webroot/index.php, line 37



2016-07-30 09:32:55 Notice: Notice (8): Undefined variable: cakeDescription in [/Volumes/Data/Wind/sources/duyanh/1.DSBlock/Source/src/Template/Admin/Layout/system_default.ctp, line 8]
Request URL: /admin/users/dashboard
Referer URL: http://dsblock.local/admin?admin=1
Client IP: 127.0.0.1
Trace:
Cake\Error\BaseErrorHandler::handleError() - CORE/src/Error/BaseErrorHandler.php, line 146
include - APP/Template/Admin/Layout/system_default.ctp, line 8
Cake\View\View::_evaluate() - CORE/src/View/View.php, line 995
Cake\View\View::_render() - CORE/src/View/View.php, line 955
Cake\View\View::renderLayout() - CORE/src/View/View.php, line 633
Cake\View\View::render() - CORE/src/View/View.php, line 592
Cake\Controller\Controller::render() - CORE/src/Controller/Controller.php, line 611
Cake\Routing\Dispatcher::_invoke() - CORE/src/Routing/Dispatcher.php, line 120
Cake\Routing\Dispatcher::dispatch() - CORE/src/Routing/Dispatcher.php, line 87
[main] - ROOT/webroot/index.php, line 37



2016-07-30 09:39:40 Notice: Notice (8): Undefined variable: cakeDescription in [/Volumes/Data/Wind/sources/duyanh/1.DSBlock/Source/src/Template/Admin/Layout/system_default.ctp, line 8]
Request URL: /admin/users/dashboard
Client IP: 127.0.0.1
Trace:
Cake\Error\BaseErrorHandler::handleError() - CORE/src/Error/BaseErrorHandler.php, line 146
include - APP/Template/Admin/Layout/system_default.ctp, line 8
Cake\View\View::_evaluate() - CORE/src/View/View.php, line 995
Cake\View\View::_render() - CORE/src/View/View.php, line 955
Cake\View\View::renderLayout() - CORE/src/View/View.php, line 633
Cake\View\View::render() - CORE/src/View/View.php, line 592
Cake\Controller\Controller::render() - CORE/src/Controller/Controller.php, line 611
Cake\Routing\Dispatcher::_invoke() - CORE/src/Routing/Dispatcher.php, line 120
Cake\Routing\Dispatcher::dispatch() - CORE/src/Routing/Dispatcher.php, line 87
[main] - ROOT/webroot/index.php, line 37



2016-07-30 09:39:43 Notice: Notice (8): Undefined variable: cakeDescription in [/Volumes/Data/Wind/sources/duyanh/1.DSBlock/Source/src/Template/Admin/Layout/system_default.ctp, line 8]
Request URL: /admin/users/dashboard
Client IP: 127.0.0.1
Trace:
Cake\Error\BaseErrorHandler::handleError() - CORE/src/Error/BaseErrorHandler.php, line 146
include - APP/Template/Admin/Layout/system_default.ctp, line 8
Cake\View\View::_evaluate() - CORE/src/View/View.php, line 995
Cake\View\View::_render() - CORE/src/View/View.php, line 955
Cake\View\View::renderLayout() - CORE/src/View/View.php, line 633
Cake\View\View::render() - CORE/src/View/View.php, line 592
Cake\Controller\Controller::render() - CORE/src/Controller/Controller.php, line 611
Cake\Routing\Dispatcher::_invoke() - CORE/src/Routing/Dispatcher.php, line 120
Cake\Routing\Dispatcher::dispatch() - CORE/src/Routing/Dispatcher.php, line 87
[main] - ROOT/webroot/index.php, line 37



2016-07-30 09:52:01 Notice: Notice (8): Use of undefined constant PAGINATE_LIMIT - assumed 'PAGINATE_LIMIT' in [/Volumes/Data/Wind/sources/duyanh/1.DSBlock/Source/vendor/cakephp/cakephp/src/Routing/Filter/ControllerFactoryFilter.php, line 100]
Request URL: /admin/articles/lists
Referer URL: http://dsblock.local/admin/users/dashboard
Client IP: 127.0.0.1
Trace:
Cake\Error\BaseErrorHandler::handleError() - CORE/src/Error/BaseErrorHandler.php, line 146
ReflectionClass::newInstance() - [internal], line ??
Cake\Routing\Filter\ControllerFactoryFilter::_getController() - CORE/src/Routing/Filter/ControllerFactoryFilter.php, line 100
Cake\Routing\Filter\ControllerFactoryFilter::beforeDispatch() - CORE/src/Routing/Filter/ControllerFactoryFilter.php, line 51
Cake\Routing\DispatcherFilter::handle() - CORE/src/Routing/DispatcherFilter.php, line 145
Cake\Event\EventManager::_callListener() - CORE/src/Event/EventManager.php, line 411
Cake\Event\EventManager::dispatch() - CORE/src/Event/EventManager.php, line 373
Cake\Routing\Dispatcher::dispatchEvent() - CORE/src/Event/EventDispatcherTrait.php, line 78
Cake\Routing\Dispatcher::dispatch() - CORE/src/Routing/Dispatcher.php, line 62
[main] - ROOT/webroot/index.php, line 37



2016-07-30 09:52:01 Notice: Notice (8): Use of undefined constant PAGINATE_LIMIT - assumed 'PAGINATE_LIMIT' in [/Volumes/Data/Wind/sources/duyanh/1.DSBlock/Source/vendor/cakephp/cakephp/src/Utility/MergeVariablesTrait.php, line 82]
Request URL: /admin/articles/lists
Referer URL: http://dsblock.local/admin/users/dashboard
Client IP: 127.0.0.1
Trace:
Cake\Error\BaseErrorHandler::handleError() - CORE/src/Error/BaseErrorHandler.php, line 146
get_class_vars - [internal], line ??
Cake\Controller\Controller::_mergeProperty() - CORE/src/Utility/MergeVariablesTrait.php, line 82
Cake\Controller\Controller::_mergeVars() - CORE/src/Utility/MergeVariablesTrait.php, line 56
Cake\Controller\Controller::_mergeControllerVars() - CORE/src/Controller/Controller.php, line 443
Cake\Controller\Controller::__construct() - CORE/src/Controller/Controller.php, line 264
ReflectionClass::newInstance() - [internal], line ??
Cake\Routing\Filter\ControllerFactoryFilter::_getController() - CORE/src/Routing/Filter/ControllerFactoryFilter.php, line 100
Cake\Routing\Filter\ControllerFactoryFilter::beforeDispatch() - CORE/src/Routing/Filter/ControllerFactoryFilter.php, line 51
Cake\Routing\DispatcherFilter::handle() - CORE/src/Routing/DispatcherFilter.php, line 145
Cake\Event\EventManager::_callListener() - CORE/src/Event/EventManager.php, line 411
Cake\Event\EventManager::dispatch() - CORE/src/Event/EventManager.php, line 373
Cake\Routing\Dispatcher::dispatchEvent() - CORE/src/Event/EventDispatcherTrait.php, line 78
Cake\Routing\Dispatcher::dispatch() - CORE/src/Routing/Dispatcher.php, line 62
[main] - ROOT/webroot/index.php, line 37



2016-07-30 10:07:08 Notice: Notice (8): Undefined variable: table in [/Volumes/Data/Wind/sources/duyanh/1.DSBlock/Source/src/Controller/Admin/CrudTrait.php, line 7]
Request URL: /admin/articles/lists
Referer URL: http://dsblock.local/admin/article-categories/lists
Client IP: 127.0.0.1
Trace:
Cake\Error\BaseErrorHandler::handleError() - CORE/src/Error/BaseErrorHandler.php, line 146
App\Controller\Admin\AppAdminController::lists() - APP/Controller/Admin/CrudTrait.php, line 7
Cake\Controller\Controller::invokeAction() - CORE/src/Controller/Controller.php, line 429
Cake\Routing\Dispatcher::_invoke() - CORE/src/Routing/Dispatcher.php, line 114
Cake\Routing\Dispatcher::dispatch() - CORE/src/Routing/Dispatcher.php, line 87
[main] - ROOT/webroot/index.php, line 37



2016-07-30 10:07:08 Notice: Notice (8): Undefined variable: table in [/Volumes/Data/Wind/sources/duyanh/1.DSBlock/Source/src/Controller/Admin/CrudTrait.php, line 7]
Request URL: /admin/articles/lists
Referer URL: http://dsblock.local/admin/article-categories/lists
Client IP: 127.0.0.1
Trace:
Cake\Error\BaseErrorHandler::handleError() - CORE/src/Error/BaseErrorHandler.php, line 146
App\Controller\Admin\AppAdminController::lists() - APP/Controller/Admin/CrudTrait.php, line 7
Cake\Controller\Controller::invokeAction() - CORE/src/Controller/Controller.php, line 429
Cake\Routing\Dispatcher::_invoke() - CORE/src/Routing/Dispatcher.php, line 114
Cake\Routing\Dispatcher::dispatch() - CORE/src/Routing/Dispatcher.php, line 87
[main] - ROOT/webroot/index.php, line 37



2016-07-30 10:10:21 Notice: Notice (8): Undefined variable: records in [/Volumes/Data/Wind/sources/duyanh/1.DSBlock/Source/src/Template/Admin/Articles/lists.ctp, line 40]
Request URL: /admin/articles/lists
Referer URL: http://dsblock.local/admin/article-categories/lists
Client IP: 127.0.0.1
Trace:
Cake\Error\BaseErrorHandler::handleError() - CORE/src/Error/BaseErrorHandler.php, line 146
include - APP/Template/Admin/Articles/lists.ctp, line 40
Cake\View\View::_evaluate() - CORE/src/View/View.php, line 995
Cake\View\View::_render() - CORE/src/View/View.php, line 955
Cake\View\View::render() - CORE/src/View/View.php, line 587
Cake\Controller\Controller::render() - CORE/src/Controller/Controller.php, line 611
Cake\Routing\Dispatcher::_invoke() - CORE/src/Routing/Dispatcher.php, line 120
Cake\Routing\Dispatcher::dispatch() - CORE/src/Routing/Dispatcher.php, line 87
[main] - ROOT/webroot/index.php, line 37



2016-07-30 10:17:37 Notice: Notice (8): Undefined variable: rows in [/Volumes/Data/Wind/sources/duyanh/1.DSBlock/Source/src/Template/Admin/ArticleCategories/lists.ctp, line 39]
Request URL: /admin/article-categories/lists
Referer URL: http://dsblock.local/admin/articles/lists
Client IP: 127.0.0.1
Trace:
Cake\Error\BaseErrorHandler::handleError() - CORE/src/Error/BaseErrorHandler.php, line 146
include - APP/Template/Admin/ArticleCategories/lists.ctp, line 39
Cake\View\View::_evaluate() - CORE/src/View/View.php, line 995
Cake\View\View::_render() - CORE/src/View/View.php, line 955
Cake\View\View::render() - CORE/src/View/View.php, line 587
Cake\Controller\Controller::render() - CORE/src/Controller/Controller.php, line 611
Cake\Routing\Dispatcher::_invoke() - CORE/src/Routing/Dispatcher.php, line 120
Cake\Routing\Dispatcher::dispatch() - CORE/src/Routing/Dispatcher.php, line 87
[main] - ROOT/webroot/index.php, line 37



2016-07-30 14:48:36 Notice: Notice (8): Undefined variable: entity in [/Volumes/Data/Wind/sources/duyanh/1.DSBlock/Source/src/Template/Admin/Forms/add.ctp, line 23]
Request URL: /admin/forms/add
Referer URL: http://dsblock.local/admin/forms/lists
Client IP: 127.0.0.1
Trace:
Cake\Error\BaseErrorHandler::handleError() - CORE/src/Error/BaseErrorHandler.php, line 146
include - APP/Template/Admin/Forms/add.ctp, line 23
Cake\View\View::_evaluate() - CORE/src/View/View.php, line 995
Cake\View\View::_render() - CORE/src/View/View.php, line 955
Cake\View\View::render() - CORE/src/View/View.php, line 587
Cake\Controller\Controller::render() - CORE/src/Controller/Controller.php, line 611
Cake\Routing\Dispatcher::_invoke() - CORE/src/Routing/Dispatcher.php, line 120
Cake\Routing\Dispatcher::dispatch() - CORE/src/Routing/Dispatcher.php, line 87
[main] - ROOT/webroot/index.php, line 37



2016-07-30 15:48:37 Notice: Notice (8): Undefined variable: prefix in [/Volumes/Data/Wind/sources/duyanh/1.DSBlock/Source/src/Controller/Admin/CrudTrait.php, line 36]
Request URL: /admin/forms/edit/fddf
Client IP: 127.0.0.1
Trace:
Cake\Error\BaseErrorHandler::handleError() - CORE/src/Error/BaseErrorHandler.php, line 146
App\Controller\Admin\AppAdminController::edit() - APP/Controller/Admin/CrudTrait.php, line 36
Cake\Controller\Controller::invokeAction() - CORE/src/Controller/Controller.php, line 429
Cake\Routing\Dispatcher::_invoke() - CORE/src/Routing/Dispatcher.php, line 114
Cake\Routing\Dispatcher::dispatch() - CORE/src/Routing/Dispatcher.php, line 87
[main] - ROOT/webroot/index.php, line 37



2016-07-30 15:48:37 Notice: Notice (8): Undefined variable: controller in [/Volumes/Data/Wind/sources/duyanh/1.DSBlock/Source/src/Controller/Admin/CrudTrait.php, line 36]
Request URL: /admin/forms/edit/fddf
Client IP: 127.0.0.1
Trace:
Cake\Error\BaseErrorHandler::handleError() - CORE/src/Error/BaseErrorHandler.php, line 146
App\Controller\Admin\AppAdminController::edit() - APP/Controller/Admin/CrudTrait.php, line 36
Cake\Controller\Controller::invokeAction() - CORE/src/Controller/Controller.php, line 429
Cake\Routing\Dispatcher::_invoke() - CORE/src/Routing/Dispatcher.php, line 114
Cake\Routing\Dispatcher::dispatch() - CORE/src/Routing/Dispatcher.php, line 87
[main] - ROOT/webroot/index.php, line 37



2016-07-30 16:00:07 Notice: Notice (8): Undefined variable: prefix in [/Volumes/Data/Wind/sources/duyanh/1.DSBlock/Source/src/Controller/Admin/CrudTrait.php, line 36]
Request URL: /admin/forms/edit/fddf
Client IP: 127.0.0.1
Trace:
Cake\Error\BaseErrorHandler::handleError() - CORE/src/Error/BaseErrorHandler.php, line 146
App\Controller\Admin\AppAdminController::edit() - APP/Controller/Admin/CrudTrait.php, line 36
Cake\Controller\Controller::invokeAction() - CORE/src/Controller/Controller.php, line 429
Cake\Routing\Dispatcher::_invoke() - CORE/src/Routing/Dispatcher.php, line 114
Cake\Routing\Dispatcher::dispatch() - CORE/src/Routing/Dispatcher.php, line 87
[main] - ROOT/webroot/index.php, line 37



2016-07-30 16:00:07 Notice: Notice (8): Undefined variable: controller in [/Volumes/Data/Wind/sources/duyanh/1.DSBlock/Source/src/Controller/Admin/CrudTrait.php, line 36]
Request URL: /admin/forms/edit/fddf
Client IP: 127.0.0.1
Trace:
Cake\Error\BaseErrorHandler::handleError() - CORE/src/Error/BaseErrorHandler.php, line 146
App\Controller\Admin\AppAdminController::edit() - APP/Controller/Admin/CrudTrait.php, line 36
Cake\Controller\Controller::invokeAction() - CORE/src/Controller/Controller.php, line 429
Cake\Routing\Dispatcher::_invoke() - CORE/src/Routing/Dispatcher.php, line 114
Cake\Routing\Dispatcher::dispatch() - CORE/src/Routing/Dispatcher.php, line 87
[main] - ROOT/webroot/index.php, line 37



2016-07-31 03:00:46 Notice: Notice (8): Undefined variable: table in [/Volumes/Data/Wind/sources/duyanh/1.DSBlock/Source/src/Controller/Admin/CrudTrait.php, line 14]
Request URL: /admin/ArticleCategories/add
Referer URL: http://dsblock.local/admin/ArticleCategories/add
Client IP: 127.0.0.1
Trace:
Cake\Error\BaseErrorHandler::handleError() - CORE/src/Error/BaseErrorHandler.php, line 146
App\Controller\Admin\AppAdminController::save() - APP/Controller/Admin/CrudTrait.php, line 14
App\Controller\Admin\AppAdminController::add() - APP/Controller/Admin/CrudTrait.php, line 32
Cake\Controller\Controller::invokeAction() - CORE/src/Controller/Controller.php, line 429
Cake\Routing\Dispatcher::_invoke() - CORE/src/Routing/Dispatcher.php, line 114
Cake\Routing\Dispatcher::dispatch() - CORE/src/Routing/Dispatcher.php, line 87
[main] - ROOT/webroot/index.php, line 37



2016-07-31 05:00:31 Notice: Strict (2048): Declaration of App\Model\Table\ArticlesTable::validationDefault() should be compatible with Cake\ORM\Table::validationDefault(Cake\Validation\Validator $validator) in [/Volumes/Data/Wind/sources/duyanh/1.DSBlock/Source/src/Model/Table/ArticlesTable.php, line 8]
Request URL: /admin/Articles/add
Referer URL: http://dsblock.local/admin/Articles/add
Client IP: 127.0.0.1
Trace:
Cake\Error\BaseErrorHandler::handleError() - CORE/src/Error/BaseErrorHandler.php, line 146
include - APP/Model/Table/ArticlesTable.php, line 8
Composer\Autoload\includeFile - ROOT/vendor/composer/ClassLoader.php, line 412
Composer\Autoload\ClassLoader::loadClass() - ROOT/vendor/composer/ClassLoader.php, line 301
spl_autoload_call - [internal], line ??
class_exists - [internal], line ??
Cake\Core\App::_classExistsInBase() - CORE/src/Core/App.php, line 151
Cake\Core\App::className() - CORE/src/Core/App.php, line 64
Cake\ORM\Locator\TableLocator::_getClassName() - CORE/src/ORM/Locator/TableLocator.php, line 196
Cake\ORM\Locator\TableLocator::get() - CORE/src/ORM/Locator/TableLocator.php, line 154
Cake\Controller\Controller::loadModel() - CORE/src/Datasource/ModelAwareTrait.php, line 114
Cake\Controller\Controller::__get() - CORE/src/Controller/Controller.php, line 346
App\Controller\Admin\AppAdminController::add() - APP/Controller/Admin/CrudTrait.php, line 47
Cake\Controller\Controller::invokeAction() - CORE/src/Controller/Controller.php, line 429
Cake\Routing\Dispatcher::_invoke() - CORE/src/Routing/Dispatcher.php, line 114
Cake\Routing\Dispatcher::dispatch() - CORE/src/Routing/Dispatcher.php, line 87
[main] - ROOT/webroot/index.php, line 37



2016-07-31 05:31:01 Notice: Notice (8): Undefined variable: categories in [/Volumes/Data/Wind/sources/duyanh/1.DSBlock/Source/src/Template/Admin/Articles/edit.ctp, line 41]
Request URL: /admin/Articles/edit/4
Referer URL: http://dsblock.local/admin/Articles/lists
Client IP: 127.0.0.1
Trace:
Cake\Error\BaseErrorHandler::handleError() - CORE/src/Error/BaseErrorHandler.php, line 146
include - APP/Template/Admin/Articles/edit.ctp, line 41
Cake\View\View::_evaluate() - CORE/src/View/View.php, line 995
Cake\View\View::_render() - CORE/src/View/View.php, line 955
Cake\View\View::render() - CORE/src/View/View.php, line 587
Cake\Controller\Controller::render() - CORE/src/Controller/Controller.php, line 611
Cake\Routing\Dispatcher::_invoke() - CORE/src/Routing/Dispatcher.php, line 120
Cake\Routing\Dispatcher::dispatch() - CORE/src/Routing/Dispatcher.php, line 87
[main] - ROOT/webroot/index.php, line 37



